<?xml version="1.0" encoding="utf-8"?>
<test-run id="2" testcasecount="15" result="Passed" total="15" passed="15" failed="0" inconclusive="0" skipped="0" asserts="0" engine-version="3.5.0.0" clr-version="4.0.30319.42000" start-time="2026-09-22 16:10:26Z" end-time="2026-09-22 16:10:26Z" duration="0.339457">
  <test-suite type="TestSuite" id="1000" name="BurgerShop" fullname="BurgerShop" runstate="Runnable" testcasecount="660" result="Passed" start-time="2026-09-22 16:10:26Z" end-time="2026-09-22 16:10:26Z" duration="0.339457" total="15" passed="15" failed="0" inconclusive="0" skipped="0" asserts="0">
    <properties>
      <property name="platform" value="EditMode" />
    </properties>
    <test-suite type="Assembly" id="1791" name="BurgerShop.EditModeTests.dll" fullname="/private/tmp/bs088-disposal/Library/ScriptAssemblies/BurgerShop.EditModeTests.dll" runstate="Runnable" testcasecount="660" result="Passed" start-time="2026-09-22 16:10:26Z" end-time="2026-09-22 16:10:26Z" duration="0.330653" total="15" passed="15" failed="0" inconclusive="0" skipped="0" asserts="0">
      <properties>
        <property name="_PID" value="22645" />
        <property name="_APPDOMAIN" value="Unity Child Domain" />
        <property name="platform" value="EditMode" />
        <property name="EditorOnly" value="True" />
      </properties>
      <test-suite type="TestSuite" id="1792" name="BurgerShop" fullname="BurgerShop" runstate="Runnable" testcasecount="660" result="Passed" start-time="2026-09-22 16:10:26Z" end-time="2026-09-22 16:10:26Z" duration="0.324808" total="15" passed="15" failed="0" inconclusive="0" skipped="0" asserts="0">
        <properties />
        <test-suite type="TestSuite" id="1793" name="Tests" fullname="BurgerShop.Tests" runstate="Runnable" testcasecount="660" result="Passed" start-time="2026-09-22 16:10:26Z" end-time="2026-09-22 16:10:26Z" duration="0.318455" total="15" passed="15" failed="0" inconclusive="0" skipped="0" asserts="0">
          <properties />
          <test-suite type="TestSuite" id="1794" name="EditMode" fullname="BurgerShop.Tests.EditMode" runstate="Runnable" testcasecount="660" result="Passed" start-time="2026-09-22 16:10:26Z" end-time="2026-09-22 16:10:26Z" duration="0.312621" total="15" passed="15" failed="0" inconclusive="0" skipped="0" asserts="0">
            <properties />
            <test-suite type="TestFixture" id="1118" name="DiningTrashTests" fullname="BurgerShop.Tests.EditMode.DiningTrashTests" classname="BurgerShop.Tests.EditMode.DiningTrashTests" runstate="Runnable" testcasecount="11" result="Passed" start-time="2026-09-22 16:10:26Z" end-time="2026-09-22 16:10:26Z" duration="0.294864" total="11" passed="11" failed="0" inconclusive="0" skipped="0" asserts="0">
              <properties />
              <test-case id="1129" name="DirtyTableDoesNotBlockACleanNeighbor" fullname="BurgerShop.Tests.EditMode.DiningTrashTests.DirtyTableDoesNotBlockACleanNeighbor" methodname="DirtyTableDoesNotBlockACleanNeighbor" classname="BurgerShop.Tests.EditMode.DiningTrashTests" runstate="Runnable" seed="912686476" result="Passed" start-time="2026-09-22 16:10:26Z" end-time="2026-09-22 16:10:26Z" duration="0.147998" asserts="0">
                <properties>
                  <property name="retryIteration" value="0" />
                  <property name="repeatIteration" value="0" />
                </properties>
              </test-case>
              <test-case id="1125" name="DumpClipIsAShortProceduralRustle" fullname="BurgerShop.Tests.EditMode.DiningTrashTests.DumpClipIsAShortProceduralRustle" methodname="DumpClipIsAShortProceduralRustle" classname="BurgerShop.Tests.EditMode.DiningTrashTests" runstate="Runnable" seed="1572946036" result="Passed" start-time="2026-09-22 16:10:26Z" end-time="2026-09-22 16:10:26Z" duration="0.004626" asserts="0">
                <properties>
                  <property name="retryIteration" value="0" />
                  <property name="repeatIteration" value="0" />
                </properties>
              </test-case>
              <test-case id="1121" name="DumpFliesIntoTheBinThenCountsAfterTheAnimation" fullname="BurgerShop.Tests.EditMode.DiningTrashTests.DumpFliesIntoTheBinThenCountsAfterTheAnimation" methodname="DumpFliesIntoTheBinThenCountsAfterTheAnimation" classname="BurgerShop.Tests.EditMode.DiningTrashTests" runstate="Runnable" seed="484150626" result="Passed" start-time="2026-09-22 16:10:26Z" end-time="2026-09-22 16:10:26Z" duration="0.004200" asserts="0">
                <properties>
                  <property name="retryIteration" value="0" />
                  <property name="repeatIteration" value="0" />
                </properties>
              </test-case>
              <test-case id="1123" name="DumpIsFasterThanTablePickupAndTheBinIsLarger" fullname="BurgerShop.Tests.EditMode.DiningTrashTests.DumpIsFasterThanTablePickupAndTheBinIsLarger" methodname="DumpIsFasterThanTablePickupAndTheBinIsLarger" classname="BurgerShop.Tests.EditMode.DiningTrashTests" runstate="Runnable" seed="1671481672" result="Passed" start-time="2026-09-22 16:10:26Z" end-time="2026-09-22 16:10:26Z" duration="0.001673" asserts="0">
                <properties>
                  <property name="retryIteration" value="0" />
                  <property name="repeatIteration" value="0" />
                </properties>
              </test-case>
              <test-case id="1124" name="DumpSoundRequestDoesNotThrowAndDumpStillCompletes" fullname="BurgerShop.Tests.EditMode.DiningTrashTests.DumpSoundRequestDoesNotThrowAndDumpStillCompletes" methodname="DumpSoundRequestDoesNotThrowAndDumpStillCompletes" classname="BurgerShop.Tests.EditMode.DiningTrashTests" runstate="Runnable" seed="2105901894" result="Passed" start-time="2026-09-22 16:10:26Z" end-time="2026-09-22 16:10:26Z" duration="0.081099" asserts="0">
                <properties>
                  <property name="retryIteration" value="0" />
                  <property name="repeatIteration" value="0" />
                </properties>
              </test-case>
              <test-case id="1127" name="EachGuestLeavesTwoTrashAndPlayerCanHoldMoreThanFour" fullname="BurgerShop.Tests.EditMode.DiningTrashTests.EachGuestLeavesTwoTrashAndPlayerCanHoldMoreThanFour" methodname="EachGuestLeavesTwoTrashAndPlayerCanHoldMoreThanFour" classname="BurgerShop.Tests.EditMode.DiningTrashTests" runstate="Runnable" seed="482104615" result="Passed" start-time="2026-09-22 16:10:26Z" end-time="2026-09-22 16:10:26Z" duration="0.005265" asserts="0">
                <properties>
                  <property name="retryIteration" value="0" />
                  <property name="repeatIteration" value="0" />
                </properties>
              </test-case>
              <test-case id="1122" name="EnlargedBinCanReceiveTrashOutsideItsPhysicalFootprint" fullname="BurgerShop.Tests.EditMode.DiningTrashTests.EnlargedBinCanReceiveTrashOutsideItsPhysicalFootprint" methodname="EnlargedBinCanReceiveTrashOutsideItsPhysicalFootprint" classname="BurgerShop.Tests.EditMode.DiningTrashTests" runstate="Runnable" seed="28278496" result="Passed" start-time="2026-09-22 16:10:26Z" end-time="2026-09-22 16:10:26Z" duration="0.001856" asserts="0">
                <properties>
                  <property name="retryIteration" value="0" />
                  <property name="repeatIteration" value="0" />
                </properties>
              </test-case>
              <test-case id="1119" name="FinishedMealLeavesExactlyTwoLargePaperWadsAndLocksTheWholeTable" fullname="BurgerShop.Tests.EditMode.DiningTrashTests.FinishedMealLeavesExactlyTwoLargePaperWadsAndLocksTheWholeTable" methodname="FinishedMealLeavesExactlyTwoLargePaperWadsAndLocksTheWholeTable" classname="BurgerShop.Tests.EditMode.DiningTrashTests" runstate="Runnable" seed="1187932262" result="Passed" start-time="2026-09-22 16:10:26Z" end-time="2026-09-22 16:10:26Z" duration="0.011546" asserts="0">
                <properties>
                  <property name="retryIteration" value="0" />
                  <property name="repeatIteration" value="0" />
                </properties>
              </test-case>
              <test-case id="1120" name="NearbyPickupFliesThenCountsAfterTheAnimation" fullname="BurgerShop.Tests.EditMode.DiningTrashTests.NearbyPickupFliesThenCountsAfterTheAnimation" methodname="NearbyPickupFliesThenCountsAfterTheAnimation" classname="BurgerShop.Tests.EditMode.DiningTrashTests" runstate="Runnable" seed="1620104788" result="Passed" start-time="2026-09-22 16:10:26Z" end-time="2026-09-22 16:10:26Z" duration="0.001751" asserts="0">
                <properties>
                  <property name="retryIteration" value="0" />
                  <property name="repeatIteration" value="0" />
                </properties>
              </test-case>
              <test-case id="1128" name="NextCustomerWaitsBesideADirtyTableFacingItUntilTrashIsCleared" fullname="BurgerShop.Tests.EditMode.DiningTrashTests.NextCustomerWaitsBesideADirtyTableFacingItUntilTrashIsCleared" methodname="NextCustomerWaitsBesideADirtyTableFacingItUntilTrashIsCleared" classname="BurgerShop.Tests.EditMode.DiningTrashTests" runstate="Runnable" seed="415310406" result="Passed" start-time="2026-09-22 16:10:26Z" end-time="2026-09-22 16:10:26Z" duration="0.016560" asserts="0">
                <properties>
                  <property name="retryIteration" value="0" />
                  <property name="repeatIteration" value="0" />
                </properties>
              </test-case>
              <test-case id="1126" name="SeatReopensAfterTableTrashIsPickedUp" fullname="BurgerShop.Tests.EditMode.DiningTrashTests.SeatReopensAfterTableTrashIsPickedUp" methodname="SeatReopensAfterTableTrashIsPickedUp" classname="BurgerShop.Tests.EditMode.DiningTrashTests" runstate="Runnable" seed="1700594293" result="Passed" start-time="2026-09-22 16:10:26Z" end-time="2026-09-22 16:10:26Z" duration="0.010272" asserts="0">
                <properties>
                  <property name="retryIteration" value="0" />
                  <property name="repeatIteration" value="0" />
                </properties>
              </test-case>
            </test-suite>
            <test-suite type="TestFixture" id="1740" name="Spec088FoodDisposalTests" fullname="BurgerShop.Tests.EditMode.Spec088FoodDisposalTests" classname="BurgerShop.Tests.EditMode.Spec088FoodDisposalTests" runstate="Runnable" testcasecount="4" result="Passed" start-time="2026-09-22 16:10:26Z" end-time="2026-09-22 16:10:26Z" duration="0.004340" total="4" passed="4" failed="0" inconclusive="0" skipped="0" asserts="0">
              <properties />
              <test-suite type="ParameterizedMethod" id="1743" name="FullHandsEmptyGraduallyAndCanCollectBurgersAgain" fullname="BurgerShop.Tests.EditMode.Spec088FoodDisposalTests.FullHandsEmptyGraduallyAndCanCollectBurgersAgain" classname="BurgerShop.Tests.EditMode.Spec088FoodDisposalTests" runstate="Runnable" testcasecount="2" result="Passed" start-time="2026-09-22 16:10:26Z" end-time="2026-09-22 16:10:26Z" duration="0.002011" total="2" passed="2" failed="0" inconclusive="0" skipped="0" asserts="0">
                <properties />
                <test-case id="1741" name="FullHandsEmptyGraduallyAndCanCollectBurgersAgain(Cola)" fullname="BurgerShop.Tests.EditMode.Spec088FoodDisposalTests.FullHandsEmptyGraduallyAndCanCollectBurgersAgain(Cola)" methodname="FullHandsEmptyGraduallyAndCanCollectBurgersAgain" classname="BurgerShop.Tests.EditMode.Spec088FoodDisposalTests" runstate="Runnable" seed="1987686840" result="Passed" start-time="2026-09-22 16:10:26Z" end-time="2026-09-22 16:10:26Z" duration="0.001301" asserts="0">
                  <properties>
                    <property name="retryIteration" value="0" />
                    <property name="repeatIteration" value="0" />
                  </properties>
                </test-case>
                <test-case id="1742" name="FullHandsEmptyGraduallyAndCanCollectBurgersAgain(Burger)" fullname="BurgerShop.Tests.EditMode.Spec088FoodDisposalTests.FullHandsEmptyGraduallyAndCanCollectBurgersAgain(Burger)" methodname="FullHandsEmptyGraduallyAndCanCollectBurgersAgain" classname="BurgerShop.Tests.EditMode.Spec088FoodDisposalTests" runstate="Runnable" seed="289162021" result="Passed" start-time="2026-09-22 16:10:26Z" end-time="2026-09-22 16:10:26Z" duration="0.000480" asserts="0">
                  <properties>
                    <property name="retryIteration" value="0" />
                    <property name="repeatIteration" value="0" />
                  </properties>
                </test-case>
              </test-suite>
              <test-case id="1744" name="LeavingPausingAndDisabledBinDoNotDiscardMore" fullname="BurgerShop.Tests.EditMode.Spec088FoodDisposalTests.LeavingPausingAndDisabledBinDoNotDiscardMore" methodname="LeavingPausingAndDisabledBinDoNotDiscardMore" classname="BurgerShop.Tests.EditMode.Spec088FoodDisposalTests" runstate="Runnable" seed="2101426268" result="Passed" start-time="2026-09-22 16:10:26Z" end-time="2026-09-22 16:10:26Z" duration="0.000416" asserts="0">
                <properties>
                  <property name="retryIteration" value="0" />
                  <property name="repeatIteration" value="0" />
                </properties>
              </test-case>
              <test-case id="1745" name="OtherPackagesAreNotDestroyed" fullname="BurgerShop.Tests.EditMode.Spec088FoodDisposalTests.OtherPackagesAreNotDestroyed" methodname="OtherPackagesAreNotDestroyed" classname="BurgerShop.Tests.EditMode.Spec088FoodDisposalTests" runstate="Runnable" seed="617968433" result="Passed" start-time="2026-09-22 16:10:26Z" end-time="2026-09-22 16:10:26Z" duration="0.000226" asserts="0">
                <properties>
                  <property name="retryIteration" value="0" />
                  <property name="repeatIteration" value="0" />
                </properties>
                <output><![CDATA[Saving results to: /Users/max/Library/Application Support/DefaultCompany/BurgerShop/TestResults.xml
]]></output>
              </test-case>
            </test-suite>
          </test-suite>
        </test-suite>
      </test-suite>
    </test-suite>
  </test-suite>
</test-run>